<?xml version="1.0" encoding="UTF-8"?>
<!-- Generated by org.testng.reporters.JUnitReportReporter -->
<testsuite hostname="Vaibhavs-MacBook-Pro.local" failures="0" tests="1" name="restAssuredPractice.OAuthTest" time="52.328" errors="0" timestamp="2023-06-28T14:12:11 IST" skipped="0">
  <testcase classname="restAssuredPractice.OAuthTest" name="authTest" time="52.328"/>
  <system-out/>
</testsuite> <!-- restAssuredPractice.OAuthTest -->
