<?xml version="1.0" encoding="UTF-8"?>
<!-- Generated by org.testng.reporters.JUnitReportReporter -->
<testsuite hostname="Vaibhavs-MacBook-Pro.local" failures="0" tests="1" name="restAssuredPractice.FirstTest" time="10.555" errors="0" timestamp="2023-06-08T17:29:08 IST" skipped="0">
  <testcase classname="restAssuredPractice.FirstTest" name="PostRequest" time="10.555"/>
  <system-out/>
</testsuite> <!-- restAssuredPractice.FirstTest -->
