<?xml version="1.0" encoding="UTF-8"?>
<!-- Generated by org.testng.reporters.JUnitReportReporter -->
<testsuite hostname="Vaibhavs-MacBook-Pro.local" failures="0" tests="1" name="restAssuredPractice.ComplexJason" time="2.094" errors="0" timestamp="2023-06-09T13:46:34 IST" skipped="0">
  <testcase classname="restAssuredPractice.ComplexJason" name="complexJasonTest" time="2.094"/>
  <system-out/>
</testsuite> <!-- restAssuredPractice.ComplexJason -->
