<?xml version="1.0" encoding="UTF-8"?>
<!-- Generated by org.testng.reporters.JUnitReportReporter -->
<testsuite hostname="Vaibhavs-MacBook-Pro.local" failures="0" tests="1" name="restAssuredPractice.AddNewPlaceGoogleAPI" time="4.172" errors="0" timestamp="2023-07-04T15:21:16 IST" skipped="0">
  <testcase classname="restAssuredPractice.AddNewPlaceGoogleAPI" name="addplace" time="4.172"/>
  <system-out/>
</testsuite> <!-- restAssuredPractice.AddNewPlaceGoogleAPI -->
