<?xml version="1.0" encoding="UTF-8"?>
<!-- Generated by org.testng.reporters.JUnitReportReporter -->
<testsuite hostname="Vaibhavs-MacBook-Pro.local" failures="0" tests="1" name="AddNewPlaceGoogleAPI" time="3.574" errors="0" timestamp="2023-07-03T17:22:05 IST" skipped="0">
  <testcase classname="AddNewPlaceGoogleAPI" name="addplace" time="3.574"/>
  <system-out/>
</testsuite> <!-- AddNewPlaceGoogleAPI -->
