<?xml version="1.0" encoding="UTF-8"?>
<!-- Generated by org.testng.reporters.JUnitReportReporter -->
<testsuite hostname="Vaibhavs-MacBook-Pro.local" failures="0" tests="1" name="restAssuredPractice.EcommerceWebTest" time="5.194" errors="0" timestamp="2023-07-05T15:38:48 IST" skipped="0">
  <testcase classname="restAssuredPractice.EcommerceWebTest" name="E2ETest" time="5.194"/>
  <system-out/>
</testsuite> <!-- restAssuredPractice.EcommerceWebTest -->
