<?xml version="1.0" encoding="UTF-8"?>
<!-- Generated by org.testng.reporters.JUnitReportReporter -->
<testsuite hostname="Vaibhavs-MacBook-Pro.local" failures="0" tests="1" name="restAssuredPractice.OAuthTest" time="52.447" errors="0" timestamp="2023-07-03T14:14:48 IST" skipped="0">
  <testcase classname="restAssuredPractice.OAuthTest" name="authTest" time="52.447"/>
  <system-out/>
</testsuite> <!-- restAssuredPractice.OAuthTest -->
