<?xml version="1.0" encoding="UTF-8"?>
<!-- Generated by org.testng.reporters.JUnitReportReporter -->
<testsuite hostname="Vaibhavs-MacBook-Pro.local" failures="0" tests="3" name="restAssuredPractice.DynamicJason" time="3.462" errors="0" timestamp="2023-06-12T17:42:28 IST" skipped="0">
  <testcase classname="restAssuredPractice.DynamicJason" name="addBook" time="2.989"/>
  <system-out/>
  <testcase classname="restAssuredPractice.DynamicJason" name="addBook" time="0.221"/>
  <system-out/>
  <testcase classname="restAssuredPractice.DynamicJason" name="addBook" time="0.252"/>
  <system-out/>
</testsuite> <!-- restAssuredPractice.DynamicJason -->
